2023-08-29 08:17:55.660 [info] Log level: Info
2023-08-29 08:17:55.662 [info] Validating found git in: "git"
2023-08-29 08:17:55.662 [info] Using git "2.39.2" from "git"
2023-08-29 08:17:55.663 [info] > git rev-parse --show-toplevel [53ms]
2023-08-29 08:17:55.664 [info] fatal: not a git repository (or any parent up to mount point /root)
Stopping at filesystem boundary (GIT_DISCOVERY_ACROSS_FILESYSTEM not set).
2023-08-29 08:17:55.664 [info] > git rev-parse --show-toplevel [20ms]
2023-08-29 08:17:55.665 [info] fatal: not a git repository (or any parent up to mount point /root)
Stopping at filesystem boundary (GIT_DISCOVERY_ACROSS_FILESYSTEM not set).
2023-08-29 08:19:19.173 [info] > git rev-parse --show-toplevel [11ms]
2023-08-29 08:19:19.174 [info] fatal: not a git repository (or any parent up to mount point /root)
Stopping at filesystem boundary (GIT_DISCOVERY_ACROSS_FILESYSTEM not set).
2023-08-29 08:21:59.226 [info] > git rev-parse --show-toplevel [7ms]
2023-08-29 08:21:59.227 [info] fatal: not a git repository (or any parent up to mount point /root)
Stopping at filesystem boundary (GIT_DISCOVERY_ACROSS_FILESYSTEM not set).
2023-08-29 08:22:01.517 [info] > git rev-parse --show-toplevel [4ms]
2023-08-29 08:22:01.518 [info] fatal: not a git repository (or any parent up to mount point /root)
Stopping at filesystem boundary (GIT_DISCOVERY_ACROSS_FILESYSTEM not set).
2023-08-29 08:22:05.768 [info] > git rev-parse --show-toplevel [4ms]
2023-08-29 08:22:05.769 [info] fatal: not a git repository (or any parent up to mount point /root)
Stopping at filesystem boundary (GIT_DISCOVERY_ACROSS_FILESYSTEM not set).
2023-08-29 08:22:47.965 [info] > git rev-parse --show-toplevel [4ms]
2023-08-29 08:22:47.967 [info] fatal: not a git repository (or any parent up to mount point /root)
Stopping at filesystem boundary (GIT_DISCOVERY_ACROSS_FILESYSTEM not set).
2023-08-29 08:22:54.295 [info] > git rev-parse --show-toplevel [8ms]
2023-08-29 08:22:54.298 [info] fatal: not a git repository (or any parent up to mount point /root)
Stopping at filesystem boundary (GIT_DISCOVERY_ACROSS_FILESYSTEM not set).
2023-08-29 08:27:30.422 [info] > git rev-parse --show-toplevel [14ms]
2023-08-29 08:27:30.424 [info] fatal: not a git repository (or any parent up to mount point /root)
Stopping at filesystem boundary (GIT_DISCOVERY_ACROSS_FILESYSTEM not set).
