2023-08-26 11:26:32.754 [info] Log level: Info
2023-08-26 11:26:32.755 [info] Validating found git in: "git"
2023-08-26 11:26:32.756 [info] Using git "2.39.2" from "git"
2023-08-26 11:26:32.757 [info] > git rev-parse --show-toplevel [7ms]
2023-08-26 11:26:32.757 [info] fatal: not a git repository (or any parent up to mount point /root)
Stopping at filesystem boundary (GIT_DISCOVERY_ACROSS_FILESYSTEM not set).
2023-08-26 11:27:40.199 [info] > git rev-parse --show-toplevel [3ms]
2023-08-26 11:27:40.200 [info] fatal: not a git repository (or any parent up to mount point /root)
Stopping at filesystem boundary (GIT_DISCOVERY_ACROSS_FILESYSTEM not set).
2023-08-26 11:31:40.575 [info] > git rev-parse --show-toplevel [4ms]
2023-08-26 11:31:40.579 [info] fatal: not a git repository (or any parent up to mount point /root)
Stopping at filesystem boundary (GIT_DISCOVERY_ACROSS_FILESYSTEM not set).
2023-08-26 11:31:40.765 [info] > git rev-parse --show-toplevel [6ms]
2023-08-26 11:31:40.766 [info] fatal: not a git repository (or any parent up to mount point /root)
Stopping at filesystem boundary (GIT_DISCOVERY_ACROSS_FILESYSTEM not set).
2023-08-26 11:31:55.577 [info] > git rev-parse --show-toplevel [17ms]
2023-08-26 11:31:55.578 [info] fatal: not a git repository (or any parent up to mount point /root)
Stopping at filesystem boundary (GIT_DISCOVERY_ACROSS_FILESYSTEM not set).
2023-08-26 11:45:20.271 [info] > git rev-parse --show-toplevel [20ms]
2023-08-26 11:45:20.273 [info] fatal: not a git repository (or any parent up to mount point /root)
Stopping at filesystem boundary (GIT_DISCOVERY_ACROSS_FILESYSTEM not set).
2023-08-26 12:05:30.686 [info] > git rev-parse --show-toplevel [15ms]
2023-08-26 12:05:30.690 [info] fatal: not a git repository (or any parent up to mount point /root)
Stopping at filesystem boundary (GIT_DISCOVERY_ACROSS_FILESYSTEM not set).
